<?xml version="1.0" encoding="UTF-8"?>
<!-- Generated by org.testng.reporters.JUnitReportReporter -->
<testsuite skipped="0" hostname="EC2AMAZ-2N5M79R" name="SumAllCourses" tests="1" failures="0" timestamp="2020-07-04T11:51:25 UTC" time="6.494" errors="0">
  <testcase name="sumCourses" time="6.494" classname="SumAllCourses"/>
</testsuite> <!-- SumAllCourses -->
