<?xml version="1.0" encoding="UTF-8"?>
<!-- Generated by org.testng.reporters.JUnitReportReporter -->
<testsuite skipped="1" hostname="EC2AMAZ-2N5M79R" name="DynamicJson" tests="3" failures="0" timestamp="2020-07-05T07:18:50 UTC" time="10.386" errors="0">
  <testcase name="addTest" time="9.276" classname="DynamicJson"/>
  <testcase name="addTest" time="1.110" classname="DynamicJson"/>
  <testcase name="deleteBook" classname="DynamicJson">
    <skipped/>
  </testcase> <!-- deleteBook -->
</testsuite> <!-- DynamicJson -->
